TN:
SF:app/types.ts
FNF:0
FNH:0
DA:1,1
DA:2,1
DA:3,1
DA:4,1
DA:5,1
DA:6,1
DA:7,1
DA:8,1
DA:9,1
LF:9
LH:9
BRF:0
BRH:0
end_of_record
TN:
SF:app/domain/identity/api/index.ts
FN:11,get
FN:5,createApi
FNF:2
FNH:1
FNDA:2,get
FNDA:0,createApi
DA:1,1
DA:2,1
DA:3,1
DA:4,1
DA:5,0
DA:6,0
DA:7,0
DA:8,0
DA:9,0
DA:10,0
DA:11,1
LF:11
LH:5
BRDA:11,0,0,2
BRF:1
BRH:1
end_of_record
TN:
SF:app/domain/identity/api/sign_in.ts
FN:3,createSignIn
FNF:1
FNH:1
FNDA:2,createSignIn
DA:1,1
DA:2,1
DA:3,2
DA:4,2
DA:5,1
DA:6,2
DA:7,2
LF:7
LH:7
BRDA:3,0,0,2
BRDA:4,1,0,1
BRF:2
BRH:2
end_of_record
TN:
SF:app/domain/identity/api/verify.ts
FN:3,createVerify
FNF:1
FNH:1
FNDA:2,createVerify
DA:1,1
DA:2,1
DA:3,2
DA:4,2
DA:5,1
DA:6,2
DA:7,2
LF:7
LH:7
BRDA:3,0,0,2
BRDA:4,1,0,1
BRF:2
BRH:2
end_of_record
